<?xml version="1.0" encoding="UTF-8"?>
<!-- Generated by org.testng.reporters.JUnitReportReporter -->
<testsuite skipped="0" hostname="DSB-PC" name="demo.VerifyTitle" tests="1" failures="0" timestamp="17 Nov 2018 00:31:34 GMT" time="0.063" errors="0">
  <testcase name="titleVerification" time="0.063" classname="demo.VerifyTitle"/>
</testsuite> <!-- demo.VerifyTitle -->
