<?xml version="1.0" encoding="UTF-8"?>
<!-- Generated by org.testng.reporters.JUnitReportReporter -->
<testsuite skipped="1" hostname="DSB-PC" name="demo.MultipleValidations" tests="5" failures="0" timestamp="17 Nov 2018 01:27:23 GMT" time="1.070" errors="0">
  <testcase name="verifyTitle" time="0.036" classname="demo.MultipleValidations"/>
  <testcase name="verifySignInBtnVisibility" time="0.142" classname="demo.MultipleValidations"/>
  <testcase name="verifyText" time="0.322" classname="demo.MultipleValidations"/>
  <testcase name="verifySearchBtnStatusAfterEnteringText" time="0.570" classname="demo.MultipleValidations"/>
  <testcase name="verifySearchBtnStatusBeforeEnteringText" classname="demo.MultipleValidations">
    <skipped/>
  </testcase> <!-- verifySearchBtnStatusBeforeEnteringText -->
</testsuite> <!-- demo.MultipleValidations -->
