<?xml version="1.0" encoding="UTF-8"?>
<!-- Generated by org.testng.reporters.JUnitReportReporter -->
<testsuite skipped="0" hostname="DSB-PC" name="demo.Annotations" tests="1" failures="0" timestamp="17 Nov 2018 00:48:56 GMT" time="0.029" errors="0">
  <testcase name="test" time="0.029" classname="demo.Annotations"/>
</testsuite> <!-- demo.Annotations -->
